{"numFailedTestSuites":1,"numFailedTests":1,"numPassedTestSuites":0,"numPassedTests":3,"numPendingTestSuites":0,"numPendingTests":0,"numRuntimeErrorTestSuites":0,"numTodoTests":0,"numTotalTestSuites":1,"numTotalTests":4,"openHandles":[],"snapshot":{"added":0,"didUpdate":false,"failure":false,"filesAdded":0,"filesRemoved":0,"filesRemovedList":[],"filesUnmatched":0,"filesUpdated":0,"matched":0,"total":0,"unchecked":0,"uncheckedKeysByFile":[],"unmatched":0,"updated":0},"startTime":1739448450929,"success":false,"testResults":[{"assertionResults":[{"ancestorTitles":["CartDropdown"],"duration":15,"failureDetails":[],"failureMessages":[],"fullName":"CartDropdown renders empty message when cart is empty","invocations":1,"location":null,"numPassingAsserts":1,"retryReasons":[],"status":"passed","title":"renders empty message when cart is empty"},{"ancestorTitles":["CartDropdown"],"duration":4,"failureDetails":[],"failureMessages":[],"fullName":"CartDropdown renders cart items when cart is not empty","invocations":1,"location":null,"numPassingAsserts":3,"retryReasons":[],"status":"passed","title":"renders cart items when cart is not empty"},{"ancestorTitles":["CartDropdown"],"duration":6,"failureDetails":[],"failureMessages":[],"fullName":"CartDropdown calls history.push and toggleHidden when checkout button is clicked","invocations":1,"location":null,"numPassingAsserts":2,"retryReasons":[],"status":"passed","title":"calls history.push and toggleHidden when checkout button is clicked"},{"ancestorTitles":["CartDropdown"],"duration":28,"failureDetails":[{"name":"TestingLibraryElementError"}],"failureMessages":["TestingLibraryElementError: Unable to find an accessible element with the role \"div\" and name `/cart-dropdown/i`\n\nHere are the accessible roles:\n\n  button:\n\n  Name \"GO TO CHECKOUT\":\n  \u001b[36m<button\u001b[39m\n    \u001b[33mdata-testid\u001b[39m=\u001b[32m\"custom-button\"\u001b[39m\n  \u001b[36m/>\u001b[39m\n\n  --------------------------------------------------\n\nIgnored nodes: comments, script, style\n\u001b[36m<body>\u001b[39m\n  \u001b[36m<div>\u001b[39m\n    \u001b[36m<div\u001b[39m\n      \u001b[33mclass\u001b[39m=\u001b[32m\"cart-dropdown\"\u001b[39m\n    \u001b[36m>\u001b[39m\n      \u001b[36m<div\u001b[39m\n        \u001b[33mclass\u001b[39m=\u001b[32m\"cart-items\"\u001b[39m\n      \u001b[36m>\u001b[39m\n        \u001b[36m<span\u001b[39m\n          \u001b[33mclass\u001b[39m=\u001b[32m\"empty-message\"\u001b[39m\n        \u001b[36m>\u001b[39m\n          \u001b[0mYour cart is empty\u001b[0m\n        \u001b[36m</span>\u001b[39m\n      \u001b[36m</div>\u001b[39m\n      \u001b[36m<button\u001b[39m\n        \u001b[33mdata-testid\u001b[39m=\u001b[32m\"custom-button\"\u001b[39m\n      \u001b[36m>\u001b[39m\n        \u001b[0mGO TO CHECKOUT\u001b[0m\n      \u001b[36m</button>\u001b[39m\n    \u001b[36m</div>\u001b[39m\n  \u001b[36m</div>\u001b[39m\n\u001b[36m</body>\u001b[39m\n    at Object.getElementError (/Users/sushantkumarsinha/react-context-complete/node_modules/@testing-library/dom/dist/config.js:37:19)\n    at /Users/sushantkumarsinha/react-context-complete/node_modules/@testing-library/dom/dist/query-helpers.js:76:38\n    at /Users/sushantkumarsinha/react-context-complete/node_modules/@testing-library/dom/dist/query-helpers.js:52:17\n    at /Users/sushantkumarsinha/react-context-complete/node_modules/@testing-library/dom/dist/query-helpers.js:95:19\n    at Object.getByRole (/Users/sushantkumarsinha/react-context-complete/__tests__/components/cart-dropdown/cart-dropdown.component.baserock.test.jsx:70:19)\n    at Promise.then.completed (/Users/sushantkumarsinha/react-context-complete/node_modules/jest-circus/build/utils.js:298:28)\n    at new Promise (<anonymous>)\n    at callAsyncCircusFn (/Users/sushantkumarsinha/react-context-complete/node_modules/jest-circus/build/utils.js:231:10)\n    at _callCircusTest (/Users/sushantkumarsinha/react-context-complete/node_modules/jest-circus/build/run.js:316:40)\n    at _runTest (/Users/sushantkumarsinha/react-context-complete/node_modules/jest-circus/build/run.js:252:3)\n    at _runTestsForDescribeBlock (/Users/sushantkumarsinha/react-context-complete/node_modules/jest-circus/build/run.js:126:9)\n    at _runTestsForDescribeBlock (/Users/sushantkumarsinha/react-context-complete/node_modules/jest-circus/build/run.js:121:9)\n    at run (/Users/sushantkumarsinha/react-context-complete/node_modules/jest-circus/build/run.js:71:3)\n    at runAndTransformResultsToJestFormat (/Users/sushantkumarsinha/react-context-complete/node_modules/jest-circus/build/legacy-code-todo-rewrite/jestAdapterInit.js:122:21)\n    at jestAdapter (/Users/sushantkumarsinha/react-context-complete/node_modules/jest-circus/build/legacy-code-todo-rewrite/jestAdapter.js:79:19)\n    at runTestInternal (/Users/sushantkumarsinha/react-context-complete/node_modules/jest-runner/build/runTest.js:367:16)\n    at runTest (/Users/sushantkumarsinha/react-context-complete/node_modules/jest-runner/build/runTest.js:444:34)"],"fullName":"CartDropdown applies correct CSS classes","invocations":1,"location":null,"numPassingAsserts":0,"retryReasons":[],"status":"failed","title":"applies correct CSS classes"}],"endTime":1739448451646,"message":"  ● CartDropdown › applies correct CSS classes\n\n    TestingLibraryElementError: Unable to find an accessible element with the role \"div\" and name `/cart-dropdown/i`\n\n    Here are the accessible roles:\n\n      button:\n\n      Name \"GO TO CHECKOUT\":\n      \u001b[36m<button\u001b[39m\n        \u001b[33mdata-testid\u001b[39m=\u001b[32m\"custom-button\"\u001b[39m\n      \u001b[36m/>\u001b[39m\n\n      --------------------------------------------------\n\n    Ignored nodes: comments, script, style\n    \u001b[36m<body>\u001b[39m\n      \u001b[36m<div>\u001b[39m\n        \u001b[36m<div\u001b[39m\n          \u001b[33mclass\u001b[39m=\u001b[32m\"cart-dropdown\"\u001b[39m\n        \u001b[36m>\u001b[39m\n          \u001b[36m<div\u001b[39m\n            \u001b[33mclass\u001b[39m=\u001b[32m\"cart-items\"\u001b[39m\n          \u001b[36m>\u001b[39m\n            \u001b[36m<span\u001b[39m\n              \u001b[33mclass\u001b[39m=\u001b[32m\"empty-message\"\u001b[39m\n            \u001b[36m>\u001b[39m\n              \u001b[0mYour cart is empty\u001b[0m\n            \u001b[36m</span>\u001b[39m\n          \u001b[36m</div>\u001b[39m\n          \u001b[36m<button\u001b[39m\n            \u001b[33mdata-testid\u001b[39m=\u001b[32m\"custom-button\"\u001b[39m\n          \u001b[36m>\u001b[39m\n            \u001b[0mGO TO CHECKOUT\u001b[0m\n          \u001b[36m</button>\u001b[39m\n        \u001b[36m</div>\u001b[39m\n      \u001b[36m</div>\u001b[39m\n    \u001b[36m</body>\u001b[39m\n\n      68 |     renderComponent();\n      69 |     \n    > 70 |     expect(screen.getByRole('div', { name: /cart-dropdown/i })).toHaveClass('cart-dropdown');\n         |                   ^\n      71 |     expect(screen.getByRole('div', { name: /cart-items/i })).toHaveClass('cart-items');\n      72 |   });\n      73 | });\n\n      at Object.getElementError (node_modules/@testing-library/dom/dist/config.js:37:19)\n      at node_modules/@testing-library/dom/dist/query-helpers.js:76:38\n      at node_modules/@testing-library/dom/dist/query-helpers.js:52:17\n      at node_modules/@testing-library/dom/dist/query-helpers.js:95:19\n      at Object.getByRole (__tests__/components/cart-dropdown/cart-dropdown.component.baserock.test.jsx:70:19)\n","name":"/Users/sushantkumarsinha/react-context-complete/__tests__/components/cart-dropdown/cart-dropdown.component.baserock.test.jsx","startTime":1739448451093,"status":"failed","summary":""}],"wasInterrupted":false,"coverageMap":{"/Users/sushantkumarsinha/react-context-complete/src/providers/cart/cart.utils.js":{"path":"/Users/sushantkumarsinha/react-context-complete/src/providers/cart/cart.utils.js","statementMap":{"0":{"start":{"line":1,"column":29},"end":{"line":15,"column":1}},"1":{"start":{"line":2,"column":27},"end":{"line":4,"column":3}},"2":{"start":{"line":3,"column":16},"end":{"line":3,"column":48}},"3":{"start":{"line":6,"column":2},"end":{"line":12,"column":3}},"4":{"start":{"line":7,"column":4},"end":{"line":11,"column":6}},"5":{"start":{"line":8,"column":6},"end":{"line":10,"column":18}},"6":{"start":{"line":14,"column":2},"end":{"line":14,"column":59}},"7":{"start":{"line":17,"column":34},"end":{"line":31,"column":1}},"8":{"start":{"line":18,"column":27},"end":{"line":20,"column":3}},"9":{"start":{"line":19,"column":16},"end":{"line":19,"column":51}},"10":{"start":{"line":22,"column":2},"end":{"line":24,"column":3}},"11":{"start":{"line":23,"column":4},"end":{"line":23,"column":77}},"12":{"start":{"line":23,"column":40},"end":{"line":23,"column":75}},"13":{"start":{"line":26,"column":2},"end":{"line":30,"column":4}},"14":{"start":{"line":27,"column":4},"end":{"line":29,"column":16}},"15":{"start":{"line":33,"column":34},"end":{"line":34,"column":55}},"16":{"start":{"line":34,"column":2},"end":{"line":34,"column":55}},"17":{"start":{"line":34,"column":31},"end":{"line":34,"column":54}},"18":{"start":{"line":36,"column":33},"end":{"line":40,"column":3}},"19":{"start":{"line":37,"column":2},"end":{"line":40,"column":3}},"20":{"start":{"line":38,"column":39},"end":{"line":38,"column":78}},"21":{"start":{"line":42,"column":28},"end":{"line":47,"column":3}},"22":{"start":{"line":43,"column":2},"end":{"line":47,"column":3}},"23":{"start":{"line":45,"column":6},"end":{"line":45,"column":62}}},"fnMap":{"0":{"name":"(anonymous_0)","decl":{"start":{"line":1,"column":29},"end":{"line":1,"column":30}},"loc":{"start":{"line":1,"column":59},"end":{"line":15,"column":1}},"line":1},"1":{"name":"(anonymous_1)","decl":{"start":{"line":3,"column":4},"end":{"line":3,"column":5}},"loc":{"start":{"line":3,"column":16},"end":{"line":3,"column":48}},"line":3},"2":{"name":"(anonymous_2)","decl":{"start":{"line":7,"column":25},"end":{"line":7,"column":26}},"loc":{"start":{"line":8,"column":6},"end":{"line":10,"column":18}},"line":8},"3":{"name":"(anonymous_3)","decl":{"start":{"line":17,"column":34},"end":{"line":17,"column":35}},"loc":{"start":{"line":17,"column":67},"end":{"line":31,"column":1}},"line":17},"4":{"name":"(anonymous_4)","decl":{"start":{"line":19,"column":4},"end":{"line":19,"column":5}},"loc":{"start":{"line":19,"column":16},"end":{"line":19,"column":51}},"line":19},"5":{"name":"(anonymous_5)","decl":{"start":{"line":23,"column":28},"end":{"line":23,"column":29}},"loc":{"start":{"line":23,"column":40},"end":{"line":23,"column":75}},"line":23},"6":{"name":"(anonymous_6)","decl":{"start":{"line":26,"column":23},"end":{"line":26,"column":24}},"loc":{"start":{"line":27,"column":4},"end":{"line":29,"column":16}},"line":27},"7":{"name":"(anonymous_7)","decl":{"start":{"line":33,"column":34},"end":{"line":33,"column":35}},"loc":{"start":{"line":34,"column":2},"end":{"line":34,"column":55}},"line":34},"8":{"name":"(anonymous_8)","decl":{"start":{"line":34,"column":19},"end":{"line":34,"column":20}},"loc":{"start":{"line":34,"column":31},"end":{"line":34,"column":54}},"line":34},"9":{"name":"(anonymous_9)","decl":{"start":{"line":36,"column":33},"end":{"line":36,"column":34}},"loc":{"start":{"line":37,"column":2},"end":{"line":40,"column":3}},"line":37},"10":{"name":"(anonymous_10)","decl":{"start":{"line":38,"column":4},"end":{"line":38,"column":5}},"loc":{"start":{"line":38,"column":39},"end":{"line":38,"column":78}},"line":38},"11":{"name":"(anonymous_11)","decl":{"start":{"line":42,"column":28},"end":{"line":42,"column":29}},"loc":{"start":{"line":43,"column":2},"end":{"line":47,"column":3}},"line":43},"12":{"name":"(anonymous_12)","decl":{"start":{"line":44,"column":4},"end":{"line":44,"column":5}},"loc":{"start":{"line":45,"column":6},"end":{"line":45,"column":62}},"line":45}},"branchMap":{"0":{"loc":{"start":{"line":6,"column":2},"end":{"line":12,"column":3}},"type":"if","locations":[{"start":{"line":6,"column":2},"end":{"line":12,"column":3}},{"start":{},"end":{}}],"line":6},"1":{"loc":{"start":{"line":8,"column":6},"end":{"line":10,"column":18}},"type":"cond-expr","locations":[{"start":{"line":9,"column":10},"end":{"line":9,"column":58}},{"start":{"line":10,"column":10},"end":{"line":10,"column":18}}],"line":8},"2":{"loc":{"start":{"line":22,"column":2},"end":{"line":24,"column":3}},"type":"if","locations":[{"start":{"line":22,"column":2},"end":{"line":24,"column":3}},{"start":{},"end":{}}],"line":22},"3":{"loc":{"start":{"line":27,"column":4},"end":{"line":29,"column":16}},"type":"cond-expr","locations":[{"start":{"line":28,"column":8},"end":{"line":28,"column":56}},{"start":{"line":29,"column":8},"end":{"line":29,"column":16}}],"line":27}},"s":{"0":1,"1":0,"2":0,"3":0,"4":0,"5":0,"6":0,"7":1,"8":0,"9":0,"10":0,"11":0,"12":0,"13":0,"14":0,"15":1,"16":0,"17":0,"18":1,"19":0,"20":0,"21":1,"22":0,"23":0},"f":{"0":0,"1":0,"2":0,"3":0,"4":0,"5":0,"6":0,"7":0,"8":0,"9":0,"10":0,"11":0,"12":0},"b":{"0":[0,0],"1":[0,0],"2":[0,0],"3":[0,0]},"_coverageSchema":"1a1c01bbd47fc00a2c39e90264f33305004495a9","hash":"74b836303b0bb92ea031f46d3e813dd2da35f9c1"},"/Users/sushantkumarsinha/react-context-complete/src/providers/cart/cart.provider.jsx":{"path":"/Users/sushantkumarsinha/react-context-complete/src/providers/cart/cart.provider.jsx","statementMap":{"0":{"start":{"line":11,"column":27},"end":{"line":20,"column":2}},"1":{"start":{"line":22,"column":21},"end":{"line":55,"column":1}},"2":{"start":{"line":23,"column":30},"end":{"line":23,"column":44}},"3":{"start":{"line":24,"column":36},"end":{"line":24,"column":48}},"4":{"start":{"line":25,"column":46},"end":{"line":25,"column":57}},"5":{"start":{"line":26,"column":36},"end":{"line":26,"column":47}},"6":{"start":{"line":28,"column":18},"end":{"line":28,"column":70}},"7":{"start":{"line":28,"column":26},"end":{"line":28,"column":70}},"8":{"start":{"line":29,"column":21},"end":{"line":29,"column":78}},"9":{"start":{"line":29,"column":29},"end":{"line":29,"column":78}},"10":{"start":{"line":30,"column":23},"end":{"line":30,"column":47}},"11":{"start":{"line":30,"column":29},"end":{"line":30,"column":47}},"12":{"start":{"line":31,"column":28},"end":{"line":32,"column":53}},"13":{"start":{"line":32,"column":4},"end":{"line":32,"column":53}},"14":{"start":{"line":34,"column":2},"end":{"line":37,"column":18}},"15":{"start":{"line":35,"column":4},"end":{"line":35,"column":52}},"16":{"start":{"line":36,"column":4},"end":{"line":36,"column":42}},"17":{"start":{"line":39,"column":2},"end":{"line":54,"column":4}}},"fnMap":{"0":{"name":"(anonymous_0)","decl":{"start":{"line":13,"column":16},"end":{"line":13,"column":17}},"loc":{"start":{"line":13,"column":22},"end":{"line":13,"column":24}},"line":13},"1":{"name":"(anonymous_1)","decl":{"start":{"line":15,"column":11},"end":{"line":15,"column":12}},"loc":{"start":{"line":15,"column":17},"end":{"line":15,"column":19}},"line":15},"2":{"name":"(anonymous_2)","decl":{"start":{"line":16,"column":14},"end":{"line":16,"column":15}},"loc":{"start":{"line":16,"column":20},"end":{"line":16,"column":22}},"line":16},"3":{"name":"(anonymous_3)","decl":{"start":{"line":17,"column":21},"end":{"line":17,"column":22}},"loc":{"start":{"line":17,"column":27},"end":{"line":17,"column":29}},"line":17},"4":{"name":"(anonymous_4)","decl":{"start":{"line":22,"column":21},"end":{"line":22,"column":22}},"loc":{"start":{"line":22,"column":39},"end":{"line":55,"column":1}},"line":22},"5":{"name":"(anonymous_5)","decl":{"start":{"line":28,"column":18},"end":{"line":28,"column":19}},"loc":{"start":{"line":28,"column":26},"end":{"line":28,"column":70}},"line":28},"6":{"name":"(anonymous_6)","decl":{"start":{"line":29,"column":21},"end":{"line":29,"column":22}},"loc":{"start":{"line":29,"column":29},"end":{"line":29,"column":78}},"line":29},"7":{"name":"(anonymous_7)","decl":{"start":{"line":30,"column":23},"end":{"line":30,"column":24}},"loc":{"start":{"line":30,"column":29},"end":{"line":30,"column":47}},"line":30},"8":{"name":"(anonymous_8)","decl":{"start":{"line":31,"column":28},"end":{"line":31,"column":29}},"loc":{"start":{"line":32,"column":4},"end":{"line":32,"column":53}},"line":32},"9":{"name":"(anonymous_9)","decl":{"start":{"line":34,"column":12},"end":{"line":34,"column":13}},"loc":{"start":{"line":34,"column":18},"end":{"line":37,"column":3}},"line":34}},"branchMap":{},"s":{"0":1,"1":1,"2":0,"3":0,"4":0,"5":0,"6":0,"7":0,"8":0,"9":0,"10":0,"11":0,"12":0,"13":0,"14":0,"15":0,"16":0,"17":0},"f":{"0":0,"1":0,"2":0,"3":0,"4":0,"5":0,"6":0,"7":0,"8":0,"9":0},"b":{},"_coverageSchema":"1a1c01bbd47fc00a2c39e90264f33305004495a9","hash":"347fde9b47b9473adbc453583429b7d2dba5204e"},"/Users/sushantkumarsinha/react-context-complete/src/components/cart-dropdown/cart-dropdown.component.jsx":{"path":"/Users/sushantkumarsinha/react-context-complete/src/components/cart-dropdown/cart-dropdown.component.jsx","statementMap":{"0":{"start":{"line":10,"column":21},"end":{"line":34,"column":1}},"1":{"start":{"line":11,"column":38},"end":{"line":11,"column":61}},"2":{"start":{"line":13,"column":2},"end":{"line":33,"column":4}},"3":{"start":{"line":18,"column":12},"end":{"line":18,"column":58}},"4":{"start":{"line":26,"column":10},"end":{"line":26,"column":36}},"5":{"start":{"line":27,"column":10},"end":{"line":27,"column":25}}},"fnMap":{"0":{"name":"(anonymous_0)","decl":{"start":{"line":10,"column":21},"end":{"line":10,"column":22}},"loc":{"start":{"line":10,"column":38},"end":{"line":34,"column":1}},"line":10},"1":{"name":"(anonymous_1)","decl":{"start":{"line":17,"column":24},"end":{"line":17,"column":25}},"loc":{"start":{"line":18,"column":12},"end":{"line":18,"column":58}},"line":18},"2":{"name":"(anonymous_2)","decl":{"start":{"line":25,"column":17},"end":{"line":25,"column":18}},"loc":{"start":{"line":25,"column":23},"end":{"line":28,"column":9}},"line":25}},"branchMap":{"0":{"loc":{"start":{"line":16,"column":9},"end":{"line":22,"column":9}},"type":"cond-expr","locations":[{"start":{"line":17,"column":10},"end":{"line":19,"column":12}},{"start":{"line":21,"column":10},"end":{"line":21,"column":67}}],"line":16}},"s":{"0":1,"1":4,"2":4,"3":2,"4":1,"5":1},"f":{"0":4,"1":2,"2":1},"b":{"0":[1,3]},"_coverageSchema":"1a1c01bbd47fc00a2c39e90264f33305004495a9","hash":"1116cd89dfc7ec60a10698e3249895a85d514804"},"/Users/sushantkumarsinha/react-context-complete/src/redux/root-reducer.js":{"path":"/Users/sushantkumarsinha/react-context-complete/src/redux/root-reducer.js","statementMap":{"0":{"start":{"line":10,"column":22},"end":{"line":14,"column":1}},"1":{"start":{"line":16,"column":20},"end":{"line":21,"column":2}}},"fnMap":{},"branchMap":{},"s":{"0":0,"1":0},"f":{},"b":{}},"/Users/sushantkumarsinha/react-context-complete/src/contexts/directory/directory.context.js":{"path":"/Users/sushantkumarsinha/react-context-complete/src/contexts/directory/directory.context.js","statementMap":{"0":{"start":{"line":5,"column":25},"end":{"line":5,"column":54}}},"fnMap":{},"branchMap":{},"s":{"0":0},"f":{},"b":{}},"/Users/sushantkumarsinha/react-context-complete/src/App.js":{"path":"/Users/sushantkumarsinha/react-context-complete/src/App.js","statementMap":{"0":{"start":{"line":19,"column":4},"end":{"line":19,"column":12}},"1":{"start":{"line":21,"column":4},"end":{"line":23,"column":6}},"2":{"start":{"line":26,"column":24},"end":{"line":26,"column":28}},"3":{"start":{"line":29,"column":4},"end":{"line":44,"column":7}},"4":{"start":{"line":30,"column":6},"end":{"line":41,"column":7}},"5":{"start":{"line":31,"column":24},"end":{"line":31,"column":65}},"6":{"start":{"line":33,"column":8},"end":{"line":40,"column":11}},"7":{"start":{"line":34,"column":10},"end":{"line":39,"column":13}},"8":{"start":{"line":43,"column":6},"end":{"line":43,"column":47}},"9":{"start":{"line":48,"column":4},"end":{"line":48,"column":31}},"10":{"start":{"line":52,"column":4},"end":{"line":74,"column":6}},"11":{"start":{"line":65,"column":14},"end":{"line":69,"column":15}}},"fnMap":{"0":{"name":"(anonymous_0)","decl":{"start":{"line":18,"column":2},"end":{"line":18,"column":3}},"loc":{"start":{"line":18,"column":16},"end":{"line":24,"column":3}},"line":18},"1":{"name":"(anonymous_1)","decl":{"start":{"line":28,"column":2},"end":{"line":28,"column":3}},"loc":{"start":{"line":28,"column":22},"end":{"line":45,"column":3}},"line":28},"2":{"name":"(anonymous_2)","decl":{"start":{"line":29,"column":55},"end":{"line":29,"column":56}},"loc":{"start":{"line":29,"column":73},"end":{"line":44,"column":5}},"line":29},"3":{"name":"(anonymous_3)","decl":{"start":{"line":33,"column":27},"end":{"line":33,"column":28}},"loc":{"start":{"line":33,"column":39},"end":{"line":40,"column":9}},"line":33},"4":{"name":"(anonymous_4)","decl":{"start":{"line":47,"column":2},"end":{"line":47,"column":3}},"loc":{"start":{"line":47,"column":25},"end":{"line":49,"column":3}},"line":47},"5":{"name":"(anonymous_5)","decl":{"start":{"line":51,"column":2},"end":{"line":51,"column":3}},"loc":{"start":{"line":51,"column":11},"end":{"line":75,"column":3}},"line":51},"6":{"name":"(anonymous_6)","decl":{"start":{"line":64,"column":20},"end":{"line":64,"column":21}},"loc":{"start":{"line":65,"column":14},"end":{"line":69,"column":15}},"line":65}},"branchMap":{"0":{"loc":{"start":{"line":30,"column":6},"end":{"line":41,"column":7}},"type":"if","locations":[{"start":{"line":30,"column":6},"end":{"line":41,"column":7}},{"start":{},"end":{}}],"line":30},"1":{"loc":{"start":{"line":65,"column":14},"end":{"line":69,"column":15}},"type":"cond-expr","locations":[{"start":{"line":66,"column":16},"end":{"line":66,"column":35}},{"start":{"line":68,"column":16},"end":{"line":68,"column":39}}],"line":65}},"s":{"0":0,"1":0,"2":0,"3":0,"4":0,"5":0,"6":0,"7":0,"8":0,"9":0,"10":0,"11":0},"f":{"0":0,"1":0,"2":0,"3":0,"4":0,"5":0,"6":0},"b":{"0":[0,0],"1":[0,0]}},"/Users/sushantkumarsinha/react-context-complete/src/contexts/directory/directory.data.js":{"path":"/Users/sushantkumarsinha/react-context-complete/src/contexts/directory/directory.data.js","statementMap":{"0":{"start":{"line":1,"column":23},"end":{"line":34,"column":1}}},"fnMap":{},"branchMap":{},"s":{"0":0},"f":{},"b":{}},"/Users/sushantkumarsinha/react-context-complete/src/contexts/collections/shop.data.js":{"path":"/Users/sushantkumarsinha/react-context-complete/src/contexts/collections/shop.data.js","statementMap":{"0":{"start":{"line":1,"column":18},"end":{"line":247,"column":1}}},"fnMap":{},"branchMap":{},"s":{"0":0},"f":{},"b":{}},"/Users/sushantkumarsinha/react-context-complete/src/pages/collection/collection.component.jsx":{"path":"/Users/sushantkumarsinha/react-context-complete/src/pages/collection/collection.component.jsx","statementMap":{"0":{"start":{"line":9,"column":23},"end":{"line":24,"column":1}},"1":{"start":{"line":10,"column":22},"end":{"line":10,"column":52}},"2":{"start":{"line":11,"column":21},"end":{"line":11,"column":59}},"3":{"start":{"line":12,"column":27},"end":{"line":12,"column":37}},"4":{"start":{"line":14,"column":2},"end":{"line":23,"column":4}},"5":{"start":{"line":19,"column":10},"end":{"line":19,"column":54}}},"fnMap":{"0":{"name":"(anonymous_0)","decl":{"start":{"line":9,"column":23},"end":{"line":9,"column":24}},"loc":{"start":{"line":9,"column":38},"end":{"line":24,"column":1}},"line":9},"1":{"name":"(anonymous_1)","decl":{"start":{"line":18,"column":19},"end":{"line":18,"column":20}},"loc":{"start":{"line":19,"column":10},"end":{"line":19,"column":54}},"line":19}},"branchMap":{},"s":{"0":0,"1":0,"2":0,"3":0,"4":0,"5":0},"f":{"0":0,"1":0},"b":{}},"/Users/sushantkumarsinha/react-context-complete/src/pages/shop/shop.component.jsx":{"path":"/Users/sushantkumarsinha/react-context-complete/src/pages/shop/shop.component.jsx","statementMap":{"0":{"start":{"line":7,"column":17},"end":{"line":12,"column":1}},"1":{"start":{"line":8,"column":2},"end":{"line":11,"column":8}}},"fnMap":{"0":{"name":"(anonymous_0)","decl":{"start":{"line":7,"column":17},"end":{"line":7,"column":18}},"loc":{"start":{"line":8,"column":2},"end":{"line":11,"column":8}},"line":8}},"branchMap":{},"s":{"0":0,"1":0},"f":{"0":0},"b":{}},"/Users/sushantkumarsinha/react-context-complete/src/pages/checkout/checkout.component.jsx":{"path":"/Users/sushantkumarsinha/react-context-complete/src/pages/checkout/checkout.component.jsx","statementMap":{"0":{"start":{"line":10,"column":21},"end":{"line":44,"column":1}},"1":{"start":{"line":11,"column":35},"end":{"line":11,"column":58}},"2":{"start":{"line":13,"column":2},"end":{"line":43,"column":4}},"3":{"start":{"line":33,"column":8},"end":{"line":33,"column":62}}},"fnMap":{"0":{"name":"(anonymous_0)","decl":{"start":{"line":10,"column":21},"end":{"line":10,"column":22}},"loc":{"start":{"line":10,"column":27},"end":{"line":44,"column":1}},"line":10},"1":{"name":"(anonymous_1)","decl":{"start":{"line":32,"column":21},"end":{"line":32,"column":22}},"loc":{"start":{"line":33,"column":8},"end":{"line":33,"column":62}},"line":33}},"branchMap":{},"s":{"0":0,"1":0,"2":0,"3":0},"f":{"0":0,"1":0},"b":{}},"/Users/sushantkumarsinha/react-context-complete/src/pages/homepage/homepage.component.jsx":{"path":"/Users/sushantkumarsinha/react-context-complete/src/pages/homepage/homepage.component.jsx","statementMap":{"0":{"start":{"line":7,"column":17},"end":{"line":11,"column":1}},"1":{"start":{"line":8,"column":2},"end":{"line":10,"column":8}}},"fnMap":{"0":{"name":"(anonymous_0)","decl":{"start":{"line":7,"column":17},"end":{"line":7,"column":18}},"loc":{"start":{"line":8,"column":2},"end":{"line":10,"column":8}},"line":8}},"branchMap":{},"s":{"0":0,"1":0},"f":{"0":0},"b":{}},"/Users/sushantkumarsinha/react-context-complete/src/pages/sign-in-and-sign-up/sign-in-and-sign-up.component.jsx":{"path":"/Users/sushantkumarsinha/react-context-complete/src/pages/sign-in-and-sign-up/sign-in-and-sign-up.component.jsx","statementMap":{"0":{"start":{"line":8,"column":28},"end":{"line":13,"column":1}},"1":{"start":{"line":9,"column":2},"end":{"line":12,"column":8}}},"fnMap":{"0":{"name":"(anonymous_0)","decl":{"start":{"line":8,"column":28},"end":{"line":8,"column":29}},"loc":{"start":{"line":9,"column":2},"end":{"line":12,"column":8}},"line":9}},"branchMap":{},"s":{"0":0,"1":0},"f":{"0":0},"b":{}},"/Users/sushantkumarsinha/react-context-complete/src/contexts/current-user/current-user.context.js":{"path":"/Users/sushantkumarsinha/react-context-complete/src/contexts/current-user/current-user.context.js","statementMap":{"0":{"start":{"line":3,"column":27},"end":{"line":3,"column":51}}},"fnMap":{},"branchMap":{},"s":{"0":0},"f":{},"b":{}},"/Users/sushantkumarsinha/react-context-complete/src/redux/store.js":{"path":"/Users/sushantkumarsinha/react-context-complete/src/redux/store.js","statementMap":{"0":{"start":{"line":7,"column":20},"end":{"line":7,"column":22}},"1":{"start":{"line":9,"column":0},"end":{"line":11,"column":1}},"2":{"start":{"line":10,"column":2},"end":{"line":10,"column":27}},"3":{"start":{"line":13,"column":21},"end":{"line":13,"column":78}},"4":{"start":{"line":15,"column":25},"end":{"line":15,"column":44}}},"fnMap":{},"branchMap":{"0":{"loc":{"start":{"line":9,"column":0},"end":{"line":11,"column":1}},"type":"if","locations":[{"start":{"line":9,"column":0},"end":{"line":11,"column":1}},{"start":{},"end":{}}],"line":9}},"s":{"0":0,"1":0,"2":0,"3":0,"4":0},"f":{},"b":{"0":[0,0]}},"/Users/sushantkumarsinha/react-context-complete/src/redux/directory/directory.selectors.js":{"path":"/Users/sushantkumarsinha/react-context-complete/src/redux/directory/directory.selectors.js","statementMap":{"0":{"start":{"line":3,"column":24},"end":{"line":3,"column":48}},"1":{"start":{"line":3,"column":33},"end":{"line":3,"column":48}},"2":{"start":{"line":5,"column":39},"end":{"line":8,"column":1}},"3":{"start":{"line":7,"column":15},"end":{"line":7,"column":33}}},"fnMap":{"0":{"name":"(anonymous_0)","decl":{"start":{"line":3,"column":24},"end":{"line":3,"column":25}},"loc":{"start":{"line":3,"column":33},"end":{"line":3,"column":48}},"line":3},"1":{"name":"(anonymous_1)","decl":{"start":{"line":7,"column":2},"end":{"line":7,"column":3}},"loc":{"start":{"line":7,"column":15},"end":{"line":7,"column":33}},"line":7}},"branchMap":{},"s":{"0":0,"1":0,"2":0,"3":0},"f":{"0":0,"1":0},"b":{}},"/Users/sushantkumarsinha/react-context-complete/src/redux/shop/shop.reducer.js":{"path":"/Users/sushantkumarsinha/react-context-complete/src/redux/shop/shop.reducer.js","statementMap":{"0":{"start":{"line":3,"column":22},"end":{"line":5,"column":1}},"1":{"start":{"line":7,"column":20},"end":{"line":12,"column":1}},"2":{"start":{"line":8,"column":2},"end":{"line":11,"column":3}},"3":{"start":{"line":10,"column":6},"end":{"line":10,"column":19}}},"fnMap":{"0":{"name":"(anonymous_0)","decl":{"start":{"line":7,"column":20},"end":{"line":7,"column":21}},"loc":{"start":{"line":7,"column":55},"end":{"line":12,"column":1}},"line":7}},"branchMap":{"0":{"loc":{"start":{"line":7,"column":21},"end":{"line":7,"column":42}},"type":"default-arg","locations":[{"start":{"line":7,"column":29},"end":{"line":7,"column":42}}],"line":7},"1":{"loc":{"start":{"line":8,"column":2},"end":{"line":11,"column":3}},"type":"switch","locations":[{"start":{"line":9,"column":4},"end":{"line":10,"column":19}}],"line":8}},"s":{"0":0,"1":0,"2":0,"3":0},"f":{"0":0},"b":{"0":[0],"1":[0]}},"/Users/sushantkumarsinha/react-context-complete/src/redux/shop/shop.selectors.js":{"path":"/Users/sushantkumarsinha/react-context-complete/src/redux/shop/shop.selectors.js","statementMap":{"0":{"start":{"line":3,"column":19},"end":{"line":3,"column":38}},"1":{"start":{"line":3,"column":28},"end":{"line":3,"column":38}},"2":{"start":{"line":5,"column":33},"end":{"line":8,"column":1}},"3":{"start":{"line":7,"column":10},"end":{"line":7,"column":26}},"4":{"start":{"line":10,"column":43},"end":{"line":13,"column":1}},"5":{"start":{"line":12,"column":17},"end":{"line":12,"column":70}},"6":{"start":{"line":12,"column":53},"end":{"line":12,"column":69}},"7":{"start":{"line":15,"column":32},"end":{"line":19,"column":3}},"8":{"start":{"line":16,"column":2},"end":{"line":19,"column":3}},"9":{"start":{"line":18,"column":19},"end":{"line":18,"column":50}}},"fnMap":{"0":{"name":"(anonymous_0)","decl":{"start":{"line":3,"column":19},"end":{"line":3,"column":20}},"loc":{"start":{"line":3,"column":28},"end":{"line":3,"column":38}},"line":3},"1":{"name":"(anonymous_1)","decl":{"start":{"line":7,"column":2},"end":{"line":7,"column":3}},"loc":{"start":{"line":7,"column":10},"end":{"line":7,"column":26}},"line":7},"2":{"name":"(anonymous_2)","decl":{"start":{"line":12,"column":2},"end":{"line":12,"column":3}},"loc":{"start":{"line":12,"column":17},"end":{"line":12,"column":70}},"line":12},"3":{"name":"(anonymous_3)","decl":{"start":{"line":12,"column":46},"end":{"line":12,"column":47}},"loc":{"start":{"line":12,"column":53},"end":{"line":12,"column":69}},"line":12},"4":{"name":"(anonymous_4)","decl":{"start":{"line":15,"column":32},"end":{"line":15,"column":33}},"loc":{"start":{"line":16,"column":2},"end":{"line":19,"column":3}},"line":16},"5":{"name":"(anonymous_5)","decl":{"start":{"line":18,"column":4},"end":{"line":18,"column":5}},"loc":{"start":{"line":18,"column":19},"end":{"line":18,"column":50}},"line":18}},"branchMap":{},"s":{"0":0,"1":0,"2":0,"3":0,"4":0,"5":0,"6":0,"7":0,"8":0,"9":0},"f":{"0":0,"1":0,"2":0,"3":0,"4":0,"5":0},"b":{}},"/Users/sushantkumarsinha/react-context-complete/src/redux/user/user.actions.js":{"path":"/Users/sushantkumarsinha/react-context-complete/src/redux/user/user.actions.js","statementMap":{"0":{"start":{"line":3,"column":30},"end":{"line":6,"column":2}},"1":{"start":{"line":3,"column":39},"end":{"line":6,"column":1}}},"fnMap":{"0":{"name":"(anonymous_0)","decl":{"start":{"line":3,"column":30},"end":{"line":3,"column":31}},"loc":{"start":{"line":3,"column":39},"end":{"line":6,"column":1}},"line":3}},"branchMap":{},"s":{"0":0,"1":0},"f":{"0":0},"b":{}},"/Users/sushantkumarsinha/react-context-complete/src/redux/user/user.types.js":{"path":"/Users/sushantkumarsinha/react-context-complete/src/redux/user/user.types.js","statementMap":{"0":{"start":{"line":1,"column":31},"end":{"line":3,"column":1}}},"fnMap":{},"branchMap":{},"s":{"0":0},"f":{},"b":{}},"/Users/sushantkumarsinha/react-context-complete/src/redux/user/user.selectors.js":{"path":"/Users/sushantkumarsinha/react-context-complete/src/redux/user/user.selectors.js","statementMap":{"0":{"start":{"line":3,"column":19},"end":{"line":3,"column":38}},"1":{"start":{"line":3,"column":28},"end":{"line":3,"column":38}},"2":{"start":{"line":5,"column":33},"end":{"line":8,"column":1}},"3":{"start":{"line":7,"column":10},"end":{"line":7,"column":26}}},"fnMap":{"0":{"name":"(anonymous_0)","decl":{"start":{"line":3,"column":19},"end":{"line":3,"column":20}},"loc":{"start":{"line":3,"column":28},"end":{"line":3,"column":38}},"line":3},"1":{"name":"(anonymous_1)","decl":{"start":{"line":7,"column":2},"end":{"line":7,"column":3}},"loc":{"start":{"line":7,"column":10},"end":{"line":7,"column":26}},"line":7}},"branchMap":{},"s":{"0":0,"1":0,"2":0,"3":0},"f":{"0":0,"1":0},"b":{}},"/Users/sushantkumarsinha/react-context-complete/src/redux/directory/directory.reducer.js":{"path":"/Users/sushantkumarsinha/react-context-complete/src/redux/directory/directory.reducer.js","statementMap":{"0":{"start":{"line":1,"column":22},"end":{"line":36,"column":1}},"1":{"start":{"line":38,"column":25},"end":{"line":43,"column":1}},"2":{"start":{"line":39,"column":2},"end":{"line":42,"column":3}},"3":{"start":{"line":41,"column":6},"end":{"line":41,"column":19}}},"fnMap":{"0":{"name":"(anonymous_0)","decl":{"start":{"line":38,"column":25},"end":{"line":38,"column":26}},"loc":{"start":{"line":38,"column":60},"end":{"line":43,"column":1}},"line":38}},"branchMap":{"0":{"loc":{"start":{"line":38,"column":26},"end":{"line":38,"column":47}},"type":"default-arg","locations":[{"start":{"line":38,"column":34},"end":{"line":38,"column":47}}],"line":38},"1":{"loc":{"start":{"line":39,"column":2},"end":{"line":42,"column":3}},"type":"switch","locations":[{"start":{"line":40,"column":4},"end":{"line":41,"column":19}}],"line":39}},"s":{"0":0,"1":0,"2":0,"3":0},"f":{"0":0},"b":{"0":[0],"1":[0]}},"/Users/sushantkumarsinha/react-context-complete/src/redux/user/user.reducer.js":{"path":"/Users/sushantkumarsinha/react-context-complete/src/redux/user/user.reducer.js","statementMap":{"0":{"start":{"line":3,"column":22},"end":{"line":5,"column":1}},"1":{"start":{"line":7,"column":20},"end":{"line":17,"column":1}},"2":{"start":{"line":8,"column":2},"end":{"line":16,"column":3}},"3":{"start":{"line":10,"column":6},"end":{"line":13,"column":8}},"4":{"start":{"line":15,"column":6},"end":{"line":15,"column":19}}},"fnMap":{"0":{"name":"(anonymous_0)","decl":{"start":{"line":7,"column":20},"end":{"line":7,"column":21}},"loc":{"start":{"line":7,"column":55},"end":{"line":17,"column":1}},"line":7}},"branchMap":{"0":{"loc":{"start":{"line":7,"column":21},"end":{"line":7,"column":42}},"type":"default-arg","locations":[{"start":{"line":7,"column":29},"end":{"line":7,"column":42}}],"line":7},"1":{"loc":{"start":{"line":8,"column":2},"end":{"line":16,"column":3}},"type":"switch","locations":[{"start":{"line":9,"column":4},"end":{"line":13,"column":8}},{"start":{"line":14,"column":4},"end":{"line":15,"column":19}}],"line":8}},"s":{"0":0,"1":0,"2":0,"3":0,"4":0},"f":{"0":0},"b":{"0":[0],"1":[0,0]}},"/Users/sushantkumarsinha/react-context-complete/src/redux/cart/cart.reducer.js":{"path":"/Users/sushantkumarsinha/react-context-complete/src/redux/cart/cart.reducer.js","statementMap":{"0":{"start":{"line":4,"column":22},"end":{"line":7,"column":1}},"1":{"start":{"line":9,"column":20},"end":{"line":36,"column":1}},"2":{"start":{"line":10,"column":2},"end":{"line":35,"column":3}},"3":{"start":{"line":12,"column":6},"end":{"line":15,"column":8}},"4":{"start":{"line":17,"column":6},"end":{"line":20,"column":8}},"5":{"start":{"line":22,"column":6},"end":{"line":25,"column":8}},"6":{"start":{"line":27,"column":6},"end":{"line":32,"column":8}},"7":{"start":{"line":30,"column":22},"end":{"line":30,"column":55}},"8":{"start":{"line":34,"column":6},"end":{"line":34,"column":19}}},"fnMap":{"0":{"name":"(anonymous_0)","decl":{"start":{"line":9,"column":20},"end":{"line":9,"column":21}},"loc":{"start":{"line":9,"column":55},"end":{"line":36,"column":1}},"line":9},"1":{"name":"(anonymous_1)","decl":{"start":{"line":30,"column":10},"end":{"line":30,"column":11}},"loc":{"start":{"line":30,"column":22},"end":{"line":30,"column":55}},"line":30}},"branchMap":{"0":{"loc":{"start":{"line":9,"column":21},"end":{"line":9,"column":42}},"type":"default-arg","locations":[{"start":{"line":9,"column":29},"end":{"line":9,"column":42}}],"line":9},"1":{"loc":{"start":{"line":10,"column":2},"end":{"line":35,"column":3}},"type":"switch","locations":[{"start":{"line":11,"column":4},"end":{"line":15,"column":8}},{"start":{"line":16,"column":4},"end":{"line":20,"column":8}},{"start":{"line":21,"column":4},"end":{"line":25,"column":8}},{"start":{"line":26,"column":4},"end":{"line":32,"column":8}},{"start":{"line":33,"column":4},"end":{"line":34,"column":19}}],"line":10}},"s":{"0":0,"1":0,"2":0,"3":0,"4":0,"5":0,"6":0,"7":0,"8":0},"f":{"0":0,"1":0},"b":{"0":[0],"1":[0,0,0,0,0]}},"/Users/sushantkumarsinha/react-context-complete/src/redux/cart/cart.selectors.js":{"path":"/Users/sushantkumarsinha/react-context-complete/src/redux/cart/cart.selectors.js","statementMap":{"0":{"start":{"line":3,"column":19},"end":{"line":3,"column":38}},"1":{"start":{"line":3,"column":28},"end":{"line":3,"column":38}},"2":{"start":{"line":5,"column":31},"end":{"line":8,"column":1}},"3":{"start":{"line":7,"column":10},"end":{"line":7,"column":24}},"4":{"start":{"line":10,"column":32},"end":{"line":13,"column":1}},"5":{"start":{"line":12,"column":10},"end":{"line":12,"column":21}},"6":{"start":{"line":15,"column":36},"end":{"line":23,"column":1}},"7":{"start":{"line":18,"column":4},"end":{"line":22,"column":5}},"8":{"start":{"line":20,"column":8},"end":{"line":20,"column":47}},"9":{"start":{"line":25,"column":31},"end":{"line":33,"column":1}},"10":{"start":{"line":28,"column":4},"end":{"line":32,"column":5}},"11":{"start":{"line":30,"column":8},"end":{"line":30,"column":64}}},"fnMap":{"0":{"name":"(anonymous_0)","decl":{"start":{"line":3,"column":19},"end":{"line":3,"column":20}},"loc":{"start":{"line":3,"column":28},"end":{"line":3,"column":38}},"line":3},"1":{"name":"(anonymous_1)","decl":{"start":{"line":7,"column":2},"end":{"line":7,"column":3}},"loc":{"start":{"line":7,"column":10},"end":{"line":7,"column":24}},"line":7},"2":{"name":"(anonymous_2)","decl":{"start":{"line":12,"column":2},"end":{"line":12,"column":3}},"loc":{"start":{"line":12,"column":10},"end":{"line":12,"column":21}},"line":12},"3":{"name":"(anonymous_3)","decl":{"start":{"line":17,"column":2},"end":{"line":17,"column":3}},"loc":{"start":{"line":18,"column":4},"end":{"line":22,"column":5}},"line":18},"4":{"name":"(anonymous_4)","decl":{"start":{"line":19,"column":6},"end":{"line":19,"column":7}},"loc":{"start":{"line":20,"column":8},"end":{"line":20,"column":47}},"line":20},"5":{"name":"(anonymous_5)","decl":{"start":{"line":27,"column":2},"end":{"line":27,"column":3}},"loc":{"start":{"line":28,"column":4},"end":{"line":32,"column":5}},"line":28},"6":{"name":"(anonymous_6)","decl":{"start":{"line":29,"column":6},"end":{"line":29,"column":7}},"loc":{"start":{"line":30,"column":8},"end":{"line":30,"column":64}},"line":30}},"branchMap":{},"s":{"0":0,"1":0,"2":0,"3":0,"4":0,"5":0,"6":0,"7":0,"8":0,"9":0,"10":0,"11":0},"f":{"0":0,"1":0,"2":0,"3":0,"4":0,"5":0,"6":0},"b":{}},"/Users/sushantkumarsinha/react-context-complete/src/redux/cart/cart.actions.js":{"path":"/Users/sushantkumarsinha/react-context-complete/src/redux/cart/cart.actions.js","statementMap":{"0":{"start":{"line":3,"column":32},"end":{"line":5,"column":2}},"1":{"start":{"line":3,"column":39},"end":{"line":5,"column":1}},"2":{"start":{"line":7,"column":23},"end":{"line":10,"column":2}},"3":{"start":{"line":7,"column":32},"end":{"line":10,"column":1}},"4":{"start":{"line":12,"column":26},"end":{"line":15,"column":2}},"5":{"start":{"line":12,"column":35},"end":{"line":15,"column":1}},"6":{"start":{"line":17,"column":33},"end":{"line":20,"column":2}},"7":{"start":{"line":17,"column":42},"end":{"line":20,"column":1}}},"fnMap":{"0":{"name":"(anonymous_0)","decl":{"start":{"line":3,"column":32},"end":{"line":3,"column":33}},"loc":{"start":{"line":3,"column":39},"end":{"line":5,"column":1}},"line":3},"1":{"name":"(anonymous_1)","decl":{"start":{"line":7,"column":23},"end":{"line":7,"column":24}},"loc":{"start":{"line":7,"column":32},"end":{"line":10,"column":1}},"line":7},"2":{"name":"(anonymous_2)","decl":{"start":{"line":12,"column":26},"end":{"line":12,"column":27}},"loc":{"start":{"line":12,"column":35},"end":{"line":15,"column":1}},"line":12},"3":{"name":"(anonymous_3)","decl":{"start":{"line":17,"column":33},"end":{"line":17,"column":34}},"loc":{"start":{"line":17,"column":42},"end":{"line":20,"column":1}},"line":17}},"branchMap":{},"s":{"0":0,"1":0,"2":0,"3":0,"4":0,"5":0,"6":0,"7":0},"f":{"0":0,"1":0,"2":0,"3":0},"b":{}},"/Users/sushantkumarsinha/react-context-complete/src/contexts/collections/collections.context.js":{"path":"/Users/sushantkumarsinha/react-context-complete/src/contexts/collections/collections.context.js","statementMap":{"0":{"start":{"line":5,"column":27},"end":{"line":5,"column":51}}},"fnMap":{},"branchMap":{},"s":{"0":0},"f":{},"b":{}},"/Users/sushantkumarsinha/react-context-complete/src/redux/cart/cart.types.js":{"path":"/Users/sushantkumarsinha/react-context-complete/src/redux/cart/cart.types.js","statementMap":{"0":{"start":{"line":1,"column":24},"end":{"line":6,"column":1}}},"fnMap":{},"branchMap":{},"s":{"0":0},"f":{},"b":{}},"/Users/sushantkumarsinha/react-context-complete/src/components/cart-item/cart-item.component.jsx":{"path":"/Users/sushantkumarsinha/react-context-complete/src/components/cart-item/cart-item.component.jsx","statementMap":{"0":{"start":{"line":5,"column":17},"end":{"line":15,"column":1}},"1":{"start":{"line":6,"column":2},"end":{"line":14,"column":8}}},"fnMap":{"0":{"name":"(anonymous_0)","decl":{"start":{"line":5,"column":17},"end":{"line":5,"column":18}},"loc":{"start":{"line":6,"column":2},"end":{"line":14,"column":8}},"line":6}},"branchMap":{},"s":{"0":0,"1":0},"f":{"0":0},"b":{}},"/Users/sushantkumarsinha/react-context-complete/src/components/collection-item/collection-item.component.jsx":{"path":"/Users/sushantkumarsinha/react-context-complete/src/components/collection-item/collection-item.component.jsx","statementMap":{"0":{"start":{"line":8,"column":23},"end":{"line":29,"column":1}},"1":{"start":{"line":9,"column":36},"end":{"line":9,"column":40}},"2":{"start":{"line":10,"column":22},"end":{"line":10,"column":45}},"3":{"start":{"line":12,"column":2},"end":{"line":28,"column":4}},"4":{"start":{"line":24,"column":35},"end":{"line":24,"column":48}}},"fnMap":{"0":{"name":"(anonymous_0)","decl":{"start":{"line":8,"column":23},"end":{"line":8,"column":24}},"loc":{"start":{"line":8,"column":37},"end":{"line":29,"column":1}},"line":8},"1":{"name":"(anonymous_1)","decl":{"start":{"line":24,"column":29},"end":{"line":24,"column":30}},"loc":{"start":{"line":24,"column":35},"end":{"line":24,"column":48}},"line":24}},"branchMap":{},"s":{"0":0,"1":0,"2":0,"3":0,"4":0},"f":{"0":0,"1":0},"b":{}},"/Users/sushantkumarsinha/react-context-complete/src/redux/cart/cart.utils.js":{"path":"/Users/sushantkumarsinha/react-context-complete/src/redux/cart/cart.utils.js","statementMap":{"0":{"start":{"line":1,"column":29},"end":{"line":15,"column":1}},"1":{"start":{"line":2,"column":27},"end":{"line":4,"column":3}},"2":{"start":{"line":3,"column":16},"end":{"line":3,"column":48}},"3":{"start":{"line":6,"column":2},"end":{"line":12,"column":3}},"4":{"start":{"line":7,"column":4},"end":{"line":11,"column":6}},"5":{"start":{"line":8,"column":6},"end":{"line":10,"column":18}},"6":{"start":{"line":14,"column":2},"end":{"line":14,"column":59}},"7":{"start":{"line":17,"column":34},"end":{"line":31,"column":1}},"8":{"start":{"line":18,"column":27},"end":{"line":20,"column":3}},"9":{"start":{"line":19,"column":16},"end":{"line":19,"column":51}},"10":{"start":{"line":22,"column":2},"end":{"line":24,"column":3}},"11":{"start":{"line":23,"column":4},"end":{"line":23,"column":77}},"12":{"start":{"line":23,"column":40},"end":{"line":23,"column":75}},"13":{"start":{"line":26,"column":2},"end":{"line":30,"column":4}},"14":{"start":{"line":27,"column":4},"end":{"line":29,"column":16}}},"fnMap":{"0":{"name":"(anonymous_0)","decl":{"start":{"line":1,"column":29},"end":{"line":1,"column":30}},"loc":{"start":{"line":1,"column":59},"end":{"line":15,"column":1}},"line":1},"1":{"name":"(anonymous_1)","decl":{"start":{"line":3,"column":4},"end":{"line":3,"column":5}},"loc":{"start":{"line":3,"column":16},"end":{"line":3,"column":48}},"line":3},"2":{"name":"(anonymous_2)","decl":{"start":{"line":7,"column":25},"end":{"line":7,"column":26}},"loc":{"start":{"line":8,"column":6},"end":{"line":10,"column":18}},"line":8},"3":{"name":"(anonymous_3)","decl":{"start":{"line":17,"column":34},"end":{"line":17,"column":35}},"loc":{"start":{"line":17,"column":67},"end":{"line":31,"column":1}},"line":17},"4":{"name":"(anonymous_4)","decl":{"start":{"line":19,"column":4},"end":{"line":19,"column":5}},"loc":{"start":{"line":19,"column":16},"end":{"line":19,"column":51}},"line":19},"5":{"name":"(anonymous_5)","decl":{"start":{"line":23,"column":28},"end":{"line":23,"column":29}},"loc":{"start":{"line":23,"column":40},"end":{"line":23,"column":75}},"line":23},"6":{"name":"(anonymous_6)","decl":{"start":{"line":26,"column":23},"end":{"line":26,"column":24}},"loc":{"start":{"line":27,"column":4},"end":{"line":29,"column":16}},"line":27}},"branchMap":{"0":{"loc":{"start":{"line":6,"column":2},"end":{"line":12,"column":3}},"type":"if","locations":[{"start":{"line":6,"column":2},"end":{"line":12,"column":3}},{"start":{},"end":{}}],"line":6},"1":{"loc":{"start":{"line":8,"column":6},"end":{"line":10,"column":18}},"type":"cond-expr","locations":[{"start":{"line":9,"column":10},"end":{"line":9,"column":58}},{"start":{"line":10,"column":10},"end":{"line":10,"column":18}}],"line":8},"2":{"loc":{"start":{"line":22,"column":2},"end":{"line":24,"column":3}},"type":"if","locations":[{"start":{"line":22,"column":2},"end":{"line":24,"column":3}},{"start":{},"end":{}}],"line":22},"3":{"loc":{"start":{"line":27,"column":4},"end":{"line":29,"column":16}},"type":"cond-expr","locations":[{"start":{"line":28,"column":8},"end":{"line":28,"column":56}},{"start":{"line":29,"column":8},"end":{"line":29,"column":16}}],"line":27}},"s":{"0":0,"1":0,"2":0,"3":0,"4":0,"5":0,"6":0,"7":0,"8":0,"9":0,"10":0,"11":0,"12":0,"13":0,"14":0},"f":{"0":0,"1":0,"2":0,"3":0,"4":0,"5":0,"6":0},"b":{"0":[0,0],"1":[0,0],"2":[0,0],"3":[0,0]}},"/Users/sushantkumarsinha/react-context-complete/src/components/collections-overview/collections-overview.component.jsx":{"path":"/Users/sushantkumarsinha/react-context-complete/src/components/collections-overview/collections-overview.component.jsx","statementMap":{"0":{"start":{"line":8,"column":28},"end":{"line":21,"column":1}},"1":{"start":{"line":9,"column":25},"end":{"line":9,"column":55}},"2":{"start":{"line":10,"column":22},"end":{"line":12,"column":3}},"3":{"start":{"line":11,"column":11},"end":{"line":11,"column":30}},"4":{"start":{"line":14,"column":2},"end":{"line":20,"column":4}},"5":{"start":{"line":17,"column":8},"end":{"line":17,"column":64}}},"fnMap":{"0":{"name":"(anonymous_0)","decl":{"start":{"line":8,"column":28},"end":{"line":8,"column":29}},"loc":{"start":{"line":8,"column":34},"end":{"line":21,"column":1}},"line":8},"1":{"name":"(anonymous_1)","decl":{"start":{"line":11,"column":4},"end":{"line":11,"column":5}},"loc":{"start":{"line":11,"column":11},"end":{"line":11,"column":30}},"line":11},"2":{"name":"(anonymous_2)","decl":{"start":{"line":16,"column":23},"end":{"line":16,"column":24}},"loc":{"start":{"line":17,"column":8},"end":{"line":17,"column":64}},"line":17}},"branchMap":{},"s":{"0":0,"1":0,"2":0,"3":0,"4":0,"5":0},"f":{"0":0,"1":0,"2":0},"b":{}},"/Users/sushantkumarsinha/react-context-complete/src/components/collection-preview/collection-preview.component.jsx":{"path":"/Users/sushantkumarsinha/react-context-complete/src/components/collection-preview/collection-preview.component.jsx","statementMap":{"0":{"start":{"line":7,"column":26},"end":{"line":18,"column":1}},"1":{"start":{"line":8,"column":2},"end":{"line":17,"column":8}},"2":{"start":{"line":12,"column":31},"end":{"line":12,"column":38}},"3":{"start":{"line":14,"column":10},"end":{"line":14,"column":54}}},"fnMap":{"0":{"name":"(anonymous_0)","decl":{"start":{"line":7,"column":26},"end":{"line":7,"column":27}},"loc":{"start":{"line":8,"column":2},"end":{"line":17,"column":8}},"line":8},"1":{"name":"(anonymous_1)","decl":{"start":{"line":12,"column":16},"end":{"line":12,"column":17}},"loc":{"start":{"line":12,"column":31},"end":{"line":12,"column":38}},"line":12},"2":{"name":"(anonymous_2)","decl":{"start":{"line":13,"column":13},"end":{"line":13,"column":14}},"loc":{"start":{"line":14,"column":10},"end":{"line":14,"column":54}},"line":14}},"branchMap":{},"s":{"0":0,"1":0,"2":0,"3":0},"f":{"0":0,"1":0,"2":0},"b":{}},"/Users/sushantkumarsinha/react-context-complete/src/components/form-input/form-input.component.jsx":{"path":"/Users/sushantkumarsinha/react-context-complete/src/components/form-input/form-input.component.jsx","statementMap":{"0":{"start":{"line":5,"column":18},"end":{"line":18,"column":1}},"1":{"start":{"line":6,"column":2},"end":{"line":17,"column":8}}},"fnMap":{"0":{"name":"(anonymous_0)","decl":{"start":{"line":5,"column":18},"end":{"line":5,"column":19}},"loc":{"start":{"line":6,"column":2},"end":{"line":17,"column":8}},"line":6}},"branchMap":{"0":{"loc":{"start":{"line":8,"column":5},"end":{"line":16,"column":12}},"type":"cond-expr","locations":[{"start":{"line":9,"column":6},"end":{"line":15,"column":14}},{"start":{"line":16,"column":8},"end":{"line":16,"column":12}}],"line":8},"1":{"loc":{"start":{"line":11,"column":10},"end":{"line":11,"column":49}},"type":"cond-expr","locations":[{"start":{"line":11,"column":36},"end":{"line":11,"column":44}},{"start":{"line":11,"column":47},"end":{"line":11,"column":49}}],"line":11}},"s":{"0":0,"1":0},"f":{"0":0},"b":{"0":[0,0],"1":[0,0]}},"/Users/sushantkumarsinha/react-context-complete/src/components/directory/directory.component.jsx":{"path":"/Users/sushantkumarsinha/react-context-complete/src/components/directory/directory.component.jsx","statementMap":{"0":{"start":{"line":9,"column":18},"end":{"line":19,"column":1}},"1":{"start":{"line":10,"column":19},"end":{"line":10,"column":47}},"2":{"start":{"line":12,"column":2},"end":{"line":18,"column":4}},"3":{"start":{"line":15,"column":8},"end":{"line":15,"column":52}}},"fnMap":{"0":{"name":"(anonymous_0)","decl":{"start":{"line":9,"column":18},"end":{"line":9,"column":19}},"loc":{"start":{"line":9,"column":24},"end":{"line":19,"column":1}},"line":9},"1":{"name":"(anonymous_1)","decl":{"start":{"line":14,"column":20},"end":{"line":14,"column":21}},"loc":{"start":{"line":15,"column":8},"end":{"line":15,"column":52}},"line":15}},"branchMap":{},"s":{"0":0,"1":0,"2":0,"3":0},"f":{"0":0,"1":0},"b":{}},"/Users/sushantkumarsinha/react-context-complete/src/components/cart-icon/cart-icon.component.jsx":{"path":"/Users/sushantkumarsinha/react-context-complete/src/components/cart-icon/cart-icon.component.jsx","statementMap":{"0":{"start":{"line":9,"column":17},"end":{"line":17,"column":1}},"1":{"start":{"line":10,"column":43},"end":{"line":10,"column":66}},"2":{"start":{"line":11,"column":2},"end":{"line":16,"column":4}}},"fnMap":{"0":{"name":"(anonymous_0)","decl":{"start":{"line":9,"column":17},"end":{"line":9,"column":18}},"loc":{"start":{"line":9,"column":36},"end":{"line":17,"column":1}},"line":9}},"branchMap":{},"s":{"0":0,"1":0,"2":0},"f":{"0":0},"b":{}},"/Users/sushantkumarsinha/react-context-complete/src/components/checkout-item/checkout-item.component.jsx":{"path":"/Users/sushantkumarsinha/react-context-complete/src/components/checkout-item/checkout-item.component.jsx","statementMap":{"0":{"start":{"line":7,"column":21},"end":{"line":35,"column":1}},"1":{"start":{"line":8,"column":46},"end":{"line":8,"column":54}},"2":{"start":{"line":9,"column":53},"end":{"line":9,"column":76}},"3":{"start":{"line":11,"column":2},"end":{"line":34,"column":4}},"4":{"start":{"line":18,"column":46},"end":{"line":18,"column":66}},"5":{"start":{"line":22,"column":46},"end":{"line":22,"column":63}},"6":{"start":{"line":29,"column":23},"end":{"line":29,"column":50}}},"fnMap":{"0":{"name":"(anonymous_0)","decl":{"start":{"line":7,"column":21},"end":{"line":7,"column":22}},"loc":{"start":{"line":7,"column":39},"end":{"line":35,"column":1}},"line":7},"1":{"name":"(anonymous_1)","decl":{"start":{"line":18,"column":40},"end":{"line":18,"column":41}},"loc":{"start":{"line":18,"column":46},"end":{"line":18,"column":66}},"line":18},"2":{"name":"(anonymous_2)","decl":{"start":{"line":22,"column":40},"end":{"line":22,"column":41}},"loc":{"start":{"line":22,"column":46},"end":{"line":22,"column":63}},"line":22},"3":{"name":"(anonymous_3)","decl":{"start":{"line":29,"column":17},"end":{"line":29,"column":18}},"loc":{"start":{"line":29,"column":23},"end":{"line":29,"column":50}},"line":29}},"branchMap":{},"s":{"0":0,"1":0,"2":0,"3":0,"4":0,"5":0,"6":0},"f":{"0":0,"1":0,"2":0,"3":0},"b":{}},"/Users/sushantkumarsinha/react-context-complete/src/components/header/header.component.jsx":{"path":"/Users/sushantkumarsinha/react-context-complete/src/components/header/header.component.jsx","statementMap":{"0":{"start":{"line":14,"column":15},"end":{"line":44,"column":1}},"1":{"start":{"line":15,"column":22},"end":{"line":15,"column":52}},"2":{"start":{"line":16,"column":21},"end":{"line":16,"column":44}},"3":{"start":{"line":18,"column":2},"end":{"line":43,"column":4}},"4":{"start":{"line":31,"column":49},"end":{"line":31,"column":63}}},"fnMap":{"0":{"name":"(anonymous_0)","decl":{"start":{"line":14,"column":15},"end":{"line":14,"column":16}},"loc":{"start":{"line":14,"column":21},"end":{"line":44,"column":1}},"line":14},"1":{"name":"(anonymous_1)","decl":{"start":{"line":31,"column":43},"end":{"line":31,"column":44}},"loc":{"start":{"line":31,"column":49},"end":{"line":31,"column":63}},"line":31}},"branchMap":{"0":{"loc":{"start":{"line":30,"column":9},"end":{"line":38,"column":9}},"type":"cond-expr","locations":[{"start":{"line":31,"column":10},"end":{"line":33,"column":16}},{"start":{"line":35,"column":10},"end":{"line":37,"column":17}}],"line":30},"1":{"loc":{"start":{"line":41,"column":7},"end":{"line":41,"column":39}},"type":"cond-expr","locations":[{"start":{"line":41,"column":16},"end":{"line":41,"column":20}},{"start":{"line":41,"column":23},"end":{"line":41,"column":39}}],"line":41}},"s":{"0":0,"1":0,"2":0,"3":0,"4":0},"f":{"0":0,"1":0},"b":{"0":[0,0],"1":[0,0]}},"/Users/sushantkumarsinha/react-context-complete/src/components/sign-in/sign-in.component.jsx":{"path":"/Users/sushantkumarsinha/react-context-complete/src/components/sign-in/sign-in.component.jsx","statementMap":{"0":{"start":{"line":12,"column":4},"end":{"line":12,"column":17}},"1":{"start":{"line":14,"column":4},"end":{"line":17,"column":6}},"2":{"start":{"line":20,"column":17},"end":{"line":31,"column":3}},"3":{"start":{"line":21,"column":4},"end":{"line":21,"column":27}},"4":{"start":{"line":23,"column":32},"end":{"line":23,"column":42}},"5":{"start":{"line":25,"column":4},"end":{"line":30,"column":5}},"6":{"start":{"line":26,"column":6},"end":{"line":26,"column":61}},"7":{"start":{"line":27,"column":6},"end":{"line":27,"column":49}},"8":{"start":{"line":29,"column":6},"end":{"line":29,"column":25}},"9":{"start":{"line":33,"column":17},"end":{"line":37,"column":3}},"10":{"start":{"line":34,"column":28},"end":{"line":34,"column":40}},"11":{"start":{"line":36,"column":4},"end":{"line":36,"column":37}},"12":{"start":{"line":40,"column":4},"end":{"line":70,"column":6}}},"fnMap":{"0":{"name":"(anonymous_0)","decl":{"start":{"line":11,"column":2},"end":{"line":11,"column":3}},"loc":{"start":{"line":11,"column":21},"end":{"line":18,"column":3}},"line":11},"1":{"name":"(anonymous_1)","decl":{"start":{"line":20,"column":17},"end":{"line":20,"column":18}},"loc":{"start":{"line":20,"column":32},"end":{"line":31,"column":3}},"line":20},"2":{"name":"(anonymous_2)","decl":{"start":{"line":33,"column":17},"end":{"line":33,"column":18}},"loc":{"start":{"line":33,"column":26},"end":{"line":37,"column":3}},"line":33},"3":{"name":"(anonymous_3)","decl":{"start":{"line":39,"column":2},"end":{"line":39,"column":3}},"loc":{"start":{"line":39,"column":11},"end":{"line":71,"column":3}},"line":39}},"branchMap":{},"s":{"0":0,"1":0,"2":0,"3":0,"4":0,"5":0,"6":0,"7":0,"8":0,"9":0,"10":0,"11":0,"12":0},"f":{"0":0,"1":0,"2":0,"3":0},"b":{}},"/Users/sushantkumarsinha/react-context-complete/src/components/menu-item/menu-item.component.jsx":{"path":"/Users/sushantkumarsinha/react-context-complete/src/components/menu-item/menu-item.component.jsx","statementMap":{"0":{"start":{"line":6,"column":17},"end":{"line":22,"column":1}},"1":{"start":{"line":7,"column":2},"end":{"line":21,"column":8}},"2":{"start":{"line":9,"column":19},"end":{"line":9,"column":57}}},"fnMap":{"0":{"name":"(anonymous_0)","decl":{"start":{"line":6,"column":17},"end":{"line":6,"column":18}},"loc":{"start":{"line":7,"column":2},"end":{"line":21,"column":8}},"line":7},"1":{"name":"(anonymous_1)","decl":{"start":{"line":9,"column":13},"end":{"line":9,"column":14}},"loc":{"start":{"line":9,"column":19},"end":{"line":9,"column":57}},"line":9}},"branchMap":{},"s":{"0":0,"1":0,"2":0},"f":{"0":0,"1":0},"b":{}},"/Users/sushantkumarsinha/react-context-complete/src/components/custom-button/custom-button.component.jsx":{"path":"/Users/sushantkumarsinha/react-context-complete/src/components/custom-button/custom-button.component.jsx","statementMap":{"0":{"start":{"line":5,"column":21},"end":{"line":19,"column":1}},"1":{"start":{"line":11,"column":2},"end":{"line":18,"column":11}}},"fnMap":{"0":{"name":"(anonymous_0)","decl":{"start":{"line":5,"column":21},"end":{"line":5,"column":22}},"loc":{"start":{"line":11,"column":2},"end":{"line":18,"column":11}},"line":11}},"branchMap":{"0":{"loc":{"start":{"line":12,"column":18},"end":{"line":12,"column":44}},"type":"cond-expr","locations":[{"start":{"line":12,"column":29},"end":{"line":12,"column":39}},{"start":{"line":12,"column":42},"end":{"line":12,"column":44}}],"line":12},"1":{"loc":{"start":{"line":13,"column":6},"end":{"line":13,"column":44}},"type":"cond-expr","locations":[{"start":{"line":13,"column":23},"end":{"line":13,"column":39}},{"start":{"line":13,"column":42},"end":{"line":13,"column":44}}],"line":13}},"s":{"0":0,"1":0},"f":{"0":0},"b":{"0":[0,0],"1":[0,0]}},"/Users/sushantkumarsinha/react-context-complete/src/redux/shop/shop.data.js":{"path":"/Users/sushantkumarsinha/react-context-complete/src/redux/shop/shop.data.js","statementMap":{"0":{"start":{"line":1,"column":18},"end":{"line":247,"column":1}}},"fnMap":{},"branchMap":{},"s":{"0":0},"f":{},"b":{}},"/Users/sushantkumarsinha/react-context-complete/src/firebase/firebase.utils.js":{"path":"/Users/sushantkumarsinha/react-context-complete/src/firebase/firebase.utils.js","statementMap":{"0":{"start":{"line":5,"column":15},"end":{"line":13,"column":1}},"1":{"start":{"line":15,"column":0},"end":{"line":15,"column":31}},"2":{"start":{"line":17,"column":41},"end":{"line":40,"column":1}},"3":{"start":{"line":18,"column":2},"end":{"line":18,"column":24}},"4":{"start":{"line":18,"column":17},"end":{"line":18,"column":24}},"5":{"start":{"line":20,"column":18},"end":{"line":20,"column":56}},"6":{"start":{"line":22,"column":19},"end":{"line":22,"column":38}},"7":{"start":{"line":24,"column":2},"end":{"line":37,"column":3}},"8":{"start":{"line":25,"column":35},"end":{"line":25,"column":43}},"9":{"start":{"line":26,"column":22},"end":{"line":26,"column":32}},"10":{"start":{"line":27,"column":4},"end":{"line":36,"column":5}},"11":{"start":{"line":28,"column":6},"end":{"line":33,"column":9}},"12":{"start":{"line":35,"column":6},"end":{"line":35,"column":56}},"13":{"start":{"line":39,"column":2},"end":{"line":39,"column":17}},"14":{"start":{"line":42,"column":20},"end":{"line":42,"column":35}},"15":{"start":{"line":43,"column":25},"end":{"line":43,"column":45}},"16":{"start":{"line":45,"column":17},"end":{"line":45,"column":55}},"17":{"start":{"line":46,"column":0},"end":{"line":46,"column":59}},"18":{"start":{"line":47,"column":32},"end":{"line":47,"column":68}},"19":{"start":{"line":47,"column":38},"end":{"line":47,"column":68}}},"fnMap":{"0":{"name":"(anonymous_0)","decl":{"start":{"line":17,"column":41},"end":{"line":17,"column":42}},"loc":{"start":{"line":17,"column":77},"end":{"line":40,"column":1}},"line":17},"1":{"name":"(anonymous_1)","decl":{"start":{"line":47,"column":32},"end":{"line":47,"column":33}},"loc":{"start":{"line":47,"column":38},"end":{"line":47,"column":68}},"line":47}},"branchMap":{"0":{"loc":{"start":{"line":18,"column":2},"end":{"line":18,"column":24}},"type":"if","locations":[{"start":{"line":18,"column":2},"end":{"line":18,"column":24}},{"start":{},"end":{}}],"line":18},"1":{"loc":{"start":{"line":24,"column":2},"end":{"line":37,"column":3}},"type":"if","locations":[{"start":{"line":24,"column":2},"end":{"line":37,"column":3}},{"start":{},"end":{}}],"line":24}},"s":{"0":0,"1":0,"2":0,"3":0,"4":0,"5":0,"6":0,"7":0,"8":0,"9":0,"10":0,"11":0,"12":0,"13":0,"14":0,"15":0,"16":0,"17":0,"18":0,"19":0},"f":{"0":0,"1":0},"b":{"0":[0,0],"1":[0,0]}},"/Users/sushantkumarsinha/react-context-complete/src/components/sign-up/sign-up.component.jsx":{"path":"/Users/sushantkumarsinha/react-context-complete/src/components/sign-up/sign-up.component.jsx","statementMap":{"0":{"start":{"line":12,"column":4},"end":{"line":12,"column":12}},"1":{"start":{"line":14,"column":4},"end":{"line":19,"column":6}},"2":{"start":{"line":22,"column":17},"end":{"line":49,"column":3}},"3":{"start":{"line":23,"column":4},"end":{"line":23,"column":27}},"4":{"start":{"line":25,"column":62},"end":{"line":25,"column":72}},"5":{"start":{"line":27,"column":4},"end":{"line":30,"column":5}},"6":{"start":{"line":28,"column":6},"end":{"line":28,"column":37}},"7":{"start":{"line":29,"column":6},"end":{"line":29,"column":13}},"8":{"start":{"line":32,"column":4},"end":{"line":48,"column":5}},"9":{"start":{"line":33,"column":23},"end":{"line":36,"column":7}},"10":{"start":{"line":38,"column":6},"end":{"line":38,"column":61}},"11":{"start":{"line":40,"column":6},"end":{"line":45,"column":9}},"12":{"start":{"line":47,"column":6},"end":{"line":47,"column":27}},"13":{"start":{"line":51,"column":17},"end":{"line":55,"column":3}},"14":{"start":{"line":52,"column":28},"end":{"line":52,"column":40}},"15":{"start":{"line":54,"column":4},"end":{"line":54,"column":37}},"16":{"start":{"line":58,"column":62},"end":{"line":58,"column":72}},"17":{"start":{"line":59,"column":4},"end":{"line":99,"column":6}}},"fnMap":{"0":{"name":"(anonymous_0)","decl":{"start":{"line":11,"column":2},"end":{"line":11,"column":3}},"loc":{"start":{"line":11,"column":16},"end":{"line":20,"column":3}},"line":11},"1":{"name":"(anonymous_1)","decl":{"start":{"line":22,"column":17},"end":{"line":22,"column":18}},"loc":{"start":{"line":22,"column":32},"end":{"line":49,"column":3}},"line":22},"2":{"name":"(anonymous_2)","decl":{"start":{"line":51,"column":17},"end":{"line":51,"column":18}},"loc":{"start":{"line":51,"column":26},"end":{"line":55,"column":3}},"line":51},"3":{"name":"(anonymous_3)","decl":{"start":{"line":57,"column":2},"end":{"line":57,"column":3}},"loc":{"start":{"line":57,"column":11},"end":{"line":100,"column":3}},"line":57}},"branchMap":{"0":{"loc":{"start":{"line":27,"column":4},"end":{"line":30,"column":5}},"type":"if","locations":[{"start":{"line":27,"column":4},"end":{"line":30,"column":5}},{"start":{},"end":{}}],"line":27}},"s":{"0":0,"1":0,"2":0,"3":0,"4":0,"5":0,"6":0,"7":0,"8":0,"9":0,"10":0,"11":0,"12":0,"13":0,"14":0,"15":0,"16":0,"17":0},"f":{"0":0,"1":0,"2":0,"3":0},"b":{"0":[0,0]}},"/Users/sushantkumarsinha/react-context-complete/src/components/stripe-button/stripe-button.component.jsx":{"path":"/Users/sushantkumarsinha/react-context-complete/src/components/stripe-button/stripe-button.component.jsx","statementMap":{"0":{"start":{"line":4,"column":29},"end":{"line":27,"column":1}},"1":{"start":{"line":5,"column":25},"end":{"line":5,"column":36}},"2":{"start":{"line":6,"column":25},"end":{"line":6,"column":59}},"3":{"start":{"line":8,"column":18},"end":{"line":11,"column":3}},"4":{"start":{"line":9,"column":4},"end":{"line":9,"column":23}},"5":{"start":{"line":10,"column":4},"end":{"line":10,"column":32}},"6":{"start":{"line":13,"column":2},"end":{"line":26,"column":4}}},"fnMap":{"0":{"name":"(anonymous_0)","decl":{"start":{"line":4,"column":29},"end":{"line":4,"column":30}},"loc":{"start":{"line":4,"column":44},"end":{"line":27,"column":1}},"line":4},"1":{"name":"(anonymous_1)","decl":{"start":{"line":8,"column":18},"end":{"line":8,"column":19}},"loc":{"start":{"line":8,"column":27},"end":{"line":11,"column":3}},"line":8}},"branchMap":{},"s":{"0":0,"1":0,"2":0,"3":0,"4":0,"5":0,"6":0},"f":{"0":0,"1":0},"b":{}},"/Users/sushantkumarsinha/react-context-complete/src/serviceWorker.js":{"path":"/Users/sushantkumarsinha/react-context-complete/src/serviceWorker.js","statementMap":{"0":{"start":{"line":13,"column":20},"end":{"line":21,"column":1}},"1":{"start":{"line":24,"column":2},"end":{"line":54,"column":3}},"2":{"start":{"line":26,"column":22},"end":{"line":26,"column":75}},"3":{"start":{"line":27,"column":4},"end":{"line":32,"column":5}},"4":{"start":{"line":31,"column":6},"end":{"line":31,"column":13}},"5":{"start":{"line":34,"column":4},"end":{"line":53,"column":7}},"6":{"start":{"line":35,"column":20},"end":{"line":35,"column":65}},"7":{"start":{"line":37,"column":6},"end":{"line":52,"column":7}},"8":{"start":{"line":39,"column":8},"end":{"line":39,"column":47}},"9":{"start":{"line":43,"column":8},"end":{"line":48,"column":11}},"10":{"start":{"line":44,"column":10},"end":{"line":47,"column":12}},"11":{"start":{"line":51,"column":8},"end":{"line":51,"column":39}},"12":{"start":{"line":58,"column":2},"end":{"line":98,"column":7}},"13":{"start":{"line":61,"column":6},"end":{"line":94,"column":8}},"14":{"start":{"line":62,"column":33},"end":{"line":62,"column":56}},"15":{"start":{"line":63,"column":8},"end":{"line":65,"column":9}},"16":{"start":{"line":64,"column":10},"end":{"line":64,"column":17}},"17":{"start":{"line":66,"column":8},"end":{"line":93,"column":10}},"18":{"start":{"line":67,"column":10},"end":{"line":92,"column":11}},"19":{"start":{"line":68,"column":12},"end":{"line":91,"column":13}},"20":{"start":{"line":72,"column":14},"end":{"line":75,"column":16}},"21":{"start":{"line":78,"column":14},"end":{"line":80,"column":15}},"22":{"start":{"line":79,"column":16},"end":{"line":79,"column":46}},"23":{"start":{"line":85,"column":14},"end":{"line":85,"column":64}},"24":{"start":{"line":88,"column":14},"end":{"line":90,"column":15}},"25":{"start":{"line":89,"column":16},"end":{"line":89,"column":47}},"26":{"start":{"line":97,"column":6},"end":{"line":97,"column":72}},"27":{"start":{"line":103,"column":2},"end":{"line":126,"column":7}},"28":{"start":{"line":106,"column":26},"end":{"line":106,"column":62}},"29":{"start":{"line":107,"column":6},"end":{"line":120,"column":7}},"30":{"start":{"line":112,"column":8},"end":{"line":116,"column":11}},"31":{"start":{"line":113,"column":10},"end":{"line":115,"column":13}},"32":{"start":{"line":114,"column":12},"end":{"line":114,"column":37}},"33":{"start":{"line":119,"column":8},"end":{"line":119,"column":39}},"34":{"start":{"line":123,"column":6},"end":{"line":125,"column":8}},"35":{"start":{"line":130,"column":2},"end":{"line":134,"column":3}},"36":{"start":{"line":131,"column":4},"end":{"line":133,"column":7}},"37":{"start":{"line":132,"column":6},"end":{"line":132,"column":32}}},"fnMap":{"0":{"name":"register","decl":{"start":{"line":23,"column":16},"end":{"line":23,"column":24}},"loc":{"start":{"line":23,"column":33},"end":{"line":55,"column":1}},"line":23},"1":{"name":"(anonymous_1)","decl":{"start":{"line":34,"column":36},"end":{"line":34,"column":37}},"loc":{"start":{"line":34,"column":42},"end":{"line":53,"column":5}},"line":34},"2":{"name":"(anonymous_2)","decl":{"start":{"line":43,"column":43},"end":{"line":43,"column":44}},"loc":{"start":{"line":43,"column":49},"end":{"line":48,"column":9}},"line":43},"3":{"name":"registerValidSW","decl":{"start":{"line":57,"column":9},"end":{"line":57,"column":24}},"loc":{"start":{"line":57,"column":40},"end":{"line":99,"column":1}},"line":57},"4":{"name":"(anonymous_4)","decl":{"start":{"line":60,"column":10},"end":{"line":60,"column":11}},"loc":{"start":{"line":60,"column":26},"end":{"line":95,"column":5}},"line":60},"5":{"name":"(anonymous_5)","decl":{"start":{"line":61,"column":35},"end":{"line":61,"column":36}},"loc":{"start":{"line":61,"column":41},"end":{"line":94,"column":7}},"line":61},"6":{"name":"(anonymous_6)","decl":{"start":{"line":66,"column":41},"end":{"line":66,"column":42}},"loc":{"start":{"line":66,"column":47},"end":{"line":93,"column":9}},"line":66},"7":{"name":"(anonymous_7)","decl":{"start":{"line":96,"column":11},"end":{"line":96,"column":12}},"loc":{"start":{"line":96,"column":20},"end":{"line":98,"column":5}},"line":96},"8":{"name":"checkValidServiceWorker","decl":{"start":{"line":101,"column":9},"end":{"line":101,"column":32}},"loc":{"start":{"line":101,"column":48},"end":{"line":127,"column":1}},"line":101},"9":{"name":"(anonymous_9)","decl":{"start":{"line":104,"column":10},"end":{"line":104,"column":11}},"loc":{"start":{"line":104,"column":22},"end":{"line":121,"column":5}},"line":104},"10":{"name":"(anonymous_10)","decl":{"start":{"line":112,"column":43},"end":{"line":112,"column":44}},"loc":{"start":{"line":112,"column":59},"end":{"line":116,"column":9}},"line":112},"11":{"name":"(anonymous_11)","decl":{"start":{"line":113,"column":41},"end":{"line":113,"column":42}},"loc":{"start":{"line":113,"column":47},"end":{"line":115,"column":11}},"line":113},"12":{"name":"(anonymous_12)","decl":{"start":{"line":122,"column":11},"end":{"line":122,"column":12}},"loc":{"start":{"line":122,"column":17},"end":{"line":126,"column":5}},"line":122},"13":{"name":"unregister","decl":{"start":{"line":129,"column":16},"end":{"line":129,"column":26}},"loc":{"start":{"line":129,"column":29},"end":{"line":135,"column":1}},"line":129},"14":{"name":"(anonymous_14)","decl":{"start":{"line":131,"column":39},"end":{"line":131,"column":40}},"loc":{"start":{"line":131,"column":55},"end":{"line":133,"column":5}},"line":131}},"branchMap":{"0":{"loc":{"start":{"line":14,"column":2},"end":{"line":20,"column":5}},"type":"binary-expr","locations":[{"start":{"line":14,"column":2},"end":{"line":14,"column":42}},{"start":{"line":16,"column":4},"end":{"line":16,"column":40}},{"start":{"line":18,"column":4},"end":{"line":20,"column":5}}],"line":14},"1":{"loc":{"start":{"line":24,"column":2},"end":{"line":54,"column":3}},"type":"if","locations":[{"start":{"line":24,"column":2},"end":{"line":54,"column":3}},{"start":{},"end":{}}],"line":24},"2":{"loc":{"start":{"line":24,"column":6},"end":{"line":24,"column":75}},"type":"binary-expr","locations":[{"start":{"line":24,"column":6},"end":{"line":24,"column":43}},{"start":{"line":24,"column":47},"end":{"line":24,"column":75}}],"line":24},"3":{"loc":{"start":{"line":27,"column":4},"end":{"line":32,"column":5}},"type":"if","locations":[{"start":{"line":27,"column":4},"end":{"line":32,"column":5}},{"start":{},"end":{}}],"line":27},"4":{"loc":{"start":{"line":37,"column":6},"end":{"line":52,"column":7}},"type":"if","locations":[{"start":{"line":37,"column":6},"end":{"line":52,"column":7}},{"start":{"line":49,"column":13},"end":{"line":52,"column":7}}],"line":37},"5":{"loc":{"start":{"line":63,"column":8},"end":{"line":65,"column":9}},"type":"if","locations":[{"start":{"line":63,"column":8},"end":{"line":65,"column":9}},{"start":{},"end":{}}],"line":63},"6":{"loc":{"start":{"line":67,"column":10},"end":{"line":92,"column":11}},"type":"if","locations":[{"start":{"line":67,"column":10},"end":{"line":92,"column":11}},{"start":{},"end":{}}],"line":67},"7":{"loc":{"start":{"line":68,"column":12},"end":{"line":91,"column":13}},"type":"if","locations":[{"start":{"line":68,"column":12},"end":{"line":91,"column":13}},{"start":{"line":81,"column":19},"end":{"line":91,"column":13}}],"line":68},"8":{"loc":{"start":{"line":78,"column":14},"end":{"line":80,"column":15}},"type":"if","locations":[{"start":{"line":78,"column":14},"end":{"line":80,"column":15}},{"start":{},"end":{}}],"line":78},"9":{"loc":{"start":{"line":78,"column":18},"end":{"line":78,"column":43}},"type":"binary-expr","locations":[{"start":{"line":78,"column":18},"end":{"line":78,"column":24}},{"start":{"line":78,"column":28},"end":{"line":78,"column":43}}],"line":78},"10":{"loc":{"start":{"line":88,"column":14},"end":{"line":90,"column":15}},"type":"if","locations":[{"start":{"line":88,"column":14},"end":{"line":90,"column":15}},{"start":{},"end":{}}],"line":88},"11":{"loc":{"start":{"line":88,"column":18},"end":{"line":88,"column":44}},"type":"binary-expr","locations":[{"start":{"line":88,"column":18},"end":{"line":88,"column":24}},{"start":{"line":88,"column":28},"end":{"line":88,"column":44}}],"line":88},"12":{"loc":{"start":{"line":107,"column":6},"end":{"line":120,"column":7}},"type":"if","locations":[{"start":{"line":107,"column":6},"end":{"line":120,"column":7}},{"start":{"line":117,"column":13},"end":{"line":120,"column":7}}],"line":107},"13":{"loc":{"start":{"line":108,"column":8},"end":{"line":109,"column":73}},"type":"binary-expr","locations":[{"start":{"line":108,"column":8},"end":{"line":108,"column":31}},{"start":{"line":109,"column":9},"end":{"line":109,"column":28}},{"start":{"line":109,"column":32},"end":{"line":109,"column":72}}],"line":108},"14":{"loc":{"start":{"line":130,"column":2},"end":{"line":134,"column":3}},"type":"if","locations":[{"start":{"line":130,"column":2},"end":{"line":134,"column":3}},{"start":{},"end":{}}],"line":130}},"s":{"0":0,"1":0,"2":0,"3":0,"4":0,"5":0,"6":0,"7":0,"8":0,"9":0,"10":0,"11":0,"12":0,"13":0,"14":0,"15":0,"16":0,"17":0,"18":0,"19":0,"20":0,"21":0,"22":0,"23":0,"24":0,"25":0,"26":0,"27":0,"28":0,"29":0,"30":0,"31":0,"32":0,"33":0,"34":0,"35":0,"36":0,"37":0},"f":{"0":0,"1":0,"2":0,"3":0,"4":0,"5":0,"6":0,"7":0,"8":0,"9":0,"10":0,"11":0,"12":0,"13":0,"14":0},"b":{"0":[0,0,0],"1":[0,0],"2":[0,0],"3":[0,0],"4":[0,0],"5":[0,0],"6":[0,0],"7":[0,0],"8":[0,0],"9":[0,0],"10":[0,0],"11":[0,0],"12":[0,0],"13":[0,0,0],"14":[0,0]}}}}
